mode: set
skillForce/internal/usecase/course_usecase.go:18.61,22.2 1 0
skillForce/internal/usecase/course_usecase.go:24.127,26.16 2 0
skillForce/internal/usecase/course_usecase.go:26.16,29.3 2 0
skillForce/internal/usecase/course_usecase.go:31.2,32.16 2 0
skillForce/internal/usecase/course_usecase.go:32.16,35.3 2 0
skillForce/internal/usecase/course_usecase.go:37.2,38.16 2 0
skillForce/internal/usecase/course_usecase.go:38.16,41.3 2 0
skillForce/internal/usecase/course_usecase.go:43.2,44.16 2 0
skillForce/internal/usecase/course_usecase.go:44.16,47.3 2 0
skillForce/internal/usecase/course_usecase.go:49.2,50.24 2 0
skillForce/internal/usecase/course_usecase.go:50.24,52.17 2 0
skillForce/internal/usecase/course_usecase.go:52.17,55.4 2 0
skillForce/internal/usecase/course_usecase.go:58.2,59.39 2 0
skillForce/internal/usecase/course_usecase.go:59.39,61.10 2 0
skillForce/internal/usecase/course_usecase.go:61.10,64.4 2 0
skillForce/internal/usecase/course_usecase.go:66.3,67.10 2 0
skillForce/internal/usecase/course_usecase.go:67.10,70.4 2 0
skillForce/internal/usecase/course_usecase.go:72.3,73.10 2 0
skillForce/internal/usecase/course_usecase.go:73.10,76.4 2 0
skillForce/internal/usecase/course_usecase.go:77.3,89.5 1 0
skillForce/internal/usecase/course_usecase.go:92.2,94.33 2 0
skillForce/internal/usecase/course_usecase.go:97.132,99.16 2 0
skillForce/internal/usecase/course_usecase.go:99.16,102.3 2 0
skillForce/internal/usecase/course_usecase.go:103.2,108.16 4 0
skillForce/internal/usecase/course_usecase.go:108.16,111.3 2 0
skillForce/internal/usecase/course_usecase.go:113.2,114.16 2 0
skillForce/internal/usecase/course_usecase.go:114.16,117.3 2 0
skillForce/internal/usecase/course_usecase.go:119.2,120.16 2 0
skillForce/internal/usecase/course_usecase.go:120.16,123.3 2 0
skillForce/internal/usecase/course_usecase.go:125.2,126.39 2 0
skillForce/internal/usecase/course_usecase.go:126.39,128.10 2 0
skillForce/internal/usecase/course_usecase.go:128.10,131.4 2 0
skillForce/internal/usecase/course_usecase.go:133.3,134.10 2 0
skillForce/internal/usecase/course_usecase.go:134.10,137.4 2 0
skillForce/internal/usecase/course_usecase.go:139.3,140.10 2 0
skillForce/internal/usecase/course_usecase.go:140.10,143.4 2 0
skillForce/internal/usecase/course_usecase.go:144.3,155.5 1 0
skillForce/internal/usecase/course_usecase.go:158.2,158.24 1 0
skillForce/internal/usecase/course_usecase.go:158.24,160.17 2 0
skillForce/internal/usecase/course_usecase.go:160.17,163.4 2 0
skillForce/internal/usecase/course_usecase.go:166.2,168.36 2 0
skillForce/internal/usecase/course_usecase.go:172.113,174.16 2 0
skillForce/internal/usecase/course_usecase.go:174.16,177.3 2 0
skillForce/internal/usecase/course_usecase.go:179.2,180.16 2 0
skillForce/internal/usecase/course_usecase.go:180.16,183.3 2 0
skillForce/internal/usecase/course_usecase.go:185.2,189.26 2 0
skillForce/internal/usecase/course_usecase.go:189.26,192.17 2 0
skillForce/internal/usecase/course_usecase.go:192.17,195.4 2 0
skillForce/internal/usecase/course_usecase.go:196.3,197.32 2 0
skillForce/internal/usecase/course_usecase.go:197.32,205.4 3 0
skillForce/internal/usecase/course_usecase.go:207.3,209.17 2 0
skillForce/internal/usecase/course_usecase.go:209.17,212.4 2 0
skillForce/internal/usecase/course_usecase.go:214.3,214.24 1 0
skillForce/internal/usecase/course_usecase.go:214.24,217.4 2 0
skillForce/internal/usecase/course_usecase.go:219.3,239.24 5 0
skillForce/internal/usecase/course_usecase.go:242.2,242.27 1 0
skillForce/internal/usecase/course_usecase.go:242.27,245.17 2 0
skillForce/internal/usecase/course_usecase.go:245.17,248.4 2 0
skillForce/internal/usecase/course_usecase.go:249.3,250.32 2 0
skillForce/internal/usecase/course_usecase.go:250.32,258.4 2 0
skillForce/internal/usecase/course_usecase.go:260.3,262.17 2 0
skillForce/internal/usecase/course_usecase.go:262.17,265.4 2 0
skillForce/internal/usecase/course_usecase.go:267.3,267.24 1 0
skillForce/internal/usecase/course_usecase.go:267.24,270.4 2 0
skillForce/internal/usecase/course_usecase.go:272.3,292.24 5 0
skillForce/internal/usecase/course_usecase.go:296.2,296.26 1 0
skillForce/internal/usecase/course_usecase.go:296.26,306.17 4 0
skillForce/internal/usecase/course_usecase.go:306.17,309.4 2 0
skillForce/internal/usecase/course_usecase.go:311.3,311.24 1 0
skillForce/internal/usecase/course_usecase.go:311.24,314.4 2 0
skillForce/internal/usecase/course_usecase.go:316.3,321.24 5 0
skillForce/internal/usecase/course_usecase.go:324.2,324.30 1 0
skillForce/internal/usecase/course_usecase.go:324.30,334.17 4 0
skillForce/internal/usecase/course_usecase.go:334.17,337.4 2 0
skillForce/internal/usecase/course_usecase.go:339.3,339.24 1 0
skillForce/internal/usecase/course_usecase.go:339.24,342.4 2 0
skillForce/internal/usecase/course_usecase.go:344.3,349.24 5 0
skillForce/internal/usecase/course_usecase.go:352.2,352.17 1 0
skillForce/internal/usecase/course_usecase.go:355.125,357.16 2 0
skillForce/internal/usecase/course_usecase.go:357.16,360.3 2 0
skillForce/internal/usecase/course_usecase.go:362.2,362.27 1 0
skillForce/internal/usecase/course_usecase.go:362.27,364.17 2 0
skillForce/internal/usecase/course_usecase.go:364.17,367.4 2 0
skillForce/internal/usecase/course_usecase.go:369.3,370.32 2 0
skillForce/internal/usecase/course_usecase.go:370.32,378.4 3 0
skillForce/internal/usecase/course_usecase.go:380.3,381.17 2 0
skillForce/internal/usecase/course_usecase.go:381.17,384.4 2 0
skillForce/internal/usecase/course_usecase.go:386.3,386.24 1 0
skillForce/internal/usecase/course_usecase.go:386.24,389.4 2 0
skillForce/internal/usecase/course_usecase.go:391.3,396.17 5 0
skillForce/internal/usecase/course_usecase.go:396.17,399.4 2 0
skillForce/internal/usecase/course_usecase.go:401.3,402.17 2 0
skillForce/internal/usecase/course_usecase.go:402.17,405.4 2 0
skillForce/internal/usecase/course_usecase.go:407.3,421.24 2 0
skillForce/internal/usecase/course_usecase.go:424.2,424.28 1 0
skillForce/internal/usecase/course_usecase.go:424.28,426.17 2 0
skillForce/internal/usecase/course_usecase.go:426.17,429.4 2 0
skillForce/internal/usecase/course_usecase.go:431.3,432.32 2 0
skillForce/internal/usecase/course_usecase.go:432.32,440.4 3 0
skillForce/internal/usecase/course_usecase.go:442.3,443.17 2 0
skillForce/internal/usecase/course_usecase.go:443.17,446.4 2 0
skillForce/internal/usecase/course_usecase.go:448.3,448.24 1 0
skillForce/internal/usecase/course_usecase.go:448.24,451.4 2 0
skillForce/internal/usecase/course_usecase.go:453.3,458.17 5 0
skillForce/internal/usecase/course_usecase.go:458.17,461.4 2 0
skillForce/internal/usecase/course_usecase.go:463.3,464.17 2 0
skillForce/internal/usecase/course_usecase.go:464.17,467.4 2 0
skillForce/internal/usecase/course_usecase.go:469.3,483.24 2 0
skillForce/internal/usecase/course_usecase.go:486.2,486.31 1 0
skillForce/internal/usecase/course_usecase.go:486.31,496.17 4 0
skillForce/internal/usecase/course_usecase.go:496.17,499.4 2 0
skillForce/internal/usecase/course_usecase.go:501.3,501.24 1 0
skillForce/internal/usecase/course_usecase.go:501.24,504.4 2 0
skillForce/internal/usecase/course_usecase.go:506.3,517.17 5 0
skillForce/internal/usecase/course_usecase.go:517.17,520.4 2 0
skillForce/internal/usecase/course_usecase.go:522.3,536.24 2 0
skillForce/internal/usecase/course_usecase.go:539.2,539.27 1 0
skillForce/internal/usecase/course_usecase.go:539.27,549.17 4 0
skillForce/internal/usecase/course_usecase.go:549.17,552.4 2 0
skillForce/internal/usecase/course_usecase.go:554.3,554.24 1 0
skillForce/internal/usecase/course_usecase.go:554.24,557.4 2 0
skillForce/internal/usecase/course_usecase.go:559.3,570.17 5 0
skillForce/internal/usecase/course_usecase.go:570.17,573.4 2 0
skillForce/internal/usecase/course_usecase.go:575.3,589.24 2 0
skillForce/internal/usecase/course_usecase.go:592.2,592.54 1 0
skillForce/internal/usecase/course_usecase.go:595.104,597.2 1 0
skillForce/internal/usecase/course_usecase.go:599.121,604.16 4 0
skillForce/internal/usecase/course_usecase.go:604.16,607.3 2 0
skillForce/internal/usecase/course_usecase.go:609.2,609.29 1 0
skillForce/internal/usecase/course_usecase.go:609.29,611.17 2 0
skillForce/internal/usecase/course_usecase.go:611.17,614.4 2 0
skillForce/internal/usecase/course_usecase.go:615.3,618.34 3 0
skillForce/internal/usecase/course_usecase.go:618.34,620.18 2 0
skillForce/internal/usecase/course_usecase.go:620.18,623.5 2 0
skillForce/internal/usecase/course_usecase.go:625.4,626.45 2 0
skillForce/internal/usecase/course_usecase.go:626.45,634.5 6 0
skillForce/internal/usecase/course_usecase.go:636.4,641.47 5 0
skillForce/internal/usecase/course_usecase.go:644.3,649.50 5 0
skillForce/internal/usecase/course_usecase.go:652.2,652.22 1 0
skillForce/internal/usecase/course_usecase.go:655.129,663.39 2 0
skillForce/internal/usecase/course_usecase.go:663.39,668.39 3 0
skillForce/internal/usecase/course_usecase.go:668.39,673.42 3 0
skillForce/internal/usecase/course_usecase.go:673.42,680.5 2 0
skillForce/internal/usecase/course_usecase.go:683.2,684.16 2 0
skillForce/internal/usecase/course_usecase.go:684.16,687.3 2 0
skillForce/internal/usecase/course_usecase.go:688.2,689.44 2 0
skillForce/internal/usecase/course_usecase.go:689.44,692.17 3 0
skillForce/internal/usecase/course_usecase.go:692.17,695.4 2 0
skillForce/internal/usecase/course_usecase.go:696.3,696.49 1 0
skillForce/internal/usecase/course_usecase.go:696.49,700.18 4 0
skillForce/internal/usecase/course_usecase.go:700.18,703.5 2 0
skillForce/internal/usecase/course_usecase.go:704.4,704.52 1 0
skillForce/internal/usecase/course_usecase.go:704.52,708.31 3 0
skillForce/internal/usecase/course_usecase.go:708.31,710.20 2 0
skillForce/internal/usecase/course_usecase.go:710.20,713.7 2 0
skillForce/internal/usecase/course_usecase.go:715.11,715.37 1 0
skillForce/internal/usecase/course_usecase.go:715.37,717.20 2 0
skillForce/internal/usecase/course_usecase.go:717.20,720.7 2 0
skillForce/internal/usecase/course_usecase.go:726.2,726.12 1 0
skillForce/internal/usecase/course_usecase.go:729.135,732.2 2 0
skillForce/internal/usecase/course_usecase.go:734.140,737.2 2 0
skillForce/internal/usecase/course_usecase.go:739.130,742.16 3 0
skillForce/internal/usecase/course_usecase.go:742.16,745.3 2 0
skillForce/internal/usecase/course_usecase.go:747.2,748.16 2 0
skillForce/internal/usecase/course_usecase.go:748.16,751.3 2 0
skillForce/internal/usecase/course_usecase.go:753.2,754.16 2 0
skillForce/internal/usecase/course_usecase.go:754.16,757.3 2 0
skillForce/internal/usecase/course_usecase.go:759.2,760.16 2 0
skillForce/internal/usecase/course_usecase.go:760.16,763.3 2 0
skillForce/internal/usecase/course_usecase.go:765.2,766.39 2 0
skillForce/internal/usecase/course_usecase.go:766.39,768.10 2 0
skillForce/internal/usecase/course_usecase.go:768.10,771.4 2 0
skillForce/internal/usecase/course_usecase.go:773.3,774.10 2 0
skillForce/internal/usecase/course_usecase.go:774.10,777.4 2 0
skillForce/internal/usecase/course_usecase.go:779.3,780.10 2 0
skillForce/internal/usecase/course_usecase.go:780.10,783.4 2 0
skillForce/internal/usecase/course_usecase.go:784.3,796.5 1 0
skillForce/internal/usecase/course_usecase.go:799.2,801.33 2 0
skillForce/internal/usecase/course_usecase.go:804.108,809.16 3 0
skillForce/internal/usecase/course_usecase.go:809.16,812.3 2 0
skillForce/internal/usecase/course_usecase.go:814.2,814.18 1 0
skillForce/internal/usecase/course_usecase.go:817.143,822.16 3 0
skillForce/internal/usecase/course_usecase.go:822.16,825.3 2 0
skillForce/internal/usecase/course_usecase.go:827.2,827.20 1 0
skillForce/internal/usecase/course_usecase.go:830.124,833.16 2 0
skillForce/internal/usecase/course_usecase.go:833.16,836.3 2 0
skillForce/internal/usecase/course_usecase.go:838.2,838.18 1 0
skillForce/internal/usecase/course_usecase.go:841.113,846.16 3 0
skillForce/internal/usecase/course_usecase.go:846.16,849.3 2 0
skillForce/internal/usecase/course_usecase.go:851.2,851.12 1 0
skillForce/internal/usecase/course_usecase.go:854.148,856.16 2 0
skillForce/internal/usecase/course_usecase.go:856.16,859.3 2 0
skillForce/internal/usecase/course_usecase.go:861.2,862.16 2 0
skillForce/internal/usecase/course_usecase.go:862.16,865.3 2 0
skillForce/internal/usecase/course_usecase.go:867.2,868.16 2 0
skillForce/internal/usecase/course_usecase.go:868.16,871.3 2 0
skillForce/internal/usecase/course_usecase.go:873.2,874.16 2 0
skillForce/internal/usecase/course_usecase.go:874.16,877.3 2 0
skillForce/internal/usecase/course_usecase.go:879.2,880.24 2 0
skillForce/internal/usecase/course_usecase.go:880.24,882.17 2 0
skillForce/internal/usecase/course_usecase.go:882.17,885.4 2 0
skillForce/internal/usecase/course_usecase.go:888.2,889.39 2 0
skillForce/internal/usecase/course_usecase.go:889.39,891.10 2 0
skillForce/internal/usecase/course_usecase.go:891.10,894.4 2 0
skillForce/internal/usecase/course_usecase.go:896.3,897.10 2 0
skillForce/internal/usecase/course_usecase.go:897.10,900.4 2 0
skillForce/internal/usecase/course_usecase.go:902.3,903.10 2 0
skillForce/internal/usecase/course_usecase.go:903.10,906.4 2 0
skillForce/internal/usecase/course_usecase.go:907.3,919.5 1 0
skillForce/internal/usecase/course_usecase.go:922.2,924.33 2 0
