mode: set
skillForce/config/config.go:56.27,58.16 2 0
skillForce/config/config.go:58.16,60.3 1 0
skillForce/config/config.go:62.2,63.16 2 0
skillForce/config/config.go:63.16,65.3 1 0
skillForce/config/config.go:67.2,69.16 3 0
skillForce/config/config.go:69.16,71.3 1 0
skillForce/config/config.go:73.2,116.3 1 0
skillForce/app/main.go:22.13,33.16 7 0
skillForce/app/main.go:33.16,35.3 1 0
skillForce/app/main.go:37.2,51.46 6 0
skillForce/app/main.go:51.46,53.3 1 0
skillForce/pkg/logs/log.go:10.69,24.2 8 0
skillForce/pkg/logs/log_interceptor.go:26.68,28.9 2 0
skillForce/pkg/logs/log_interceptor.go:28.9,30.3 1 0
skillForce/pkg/logs/log_interceptor.go:32.2,37.32 5 0
skillForce/pkg/logs/log_interceptor.go:37.32,39.3 1 0
skillForce/pkg/logs/log_interceptor.go:40.2,40.27 1 0
skillForce/pkg/logs/log_interceptor.go:43.58,49.34 1 0
skillForce/pkg/logs/log_interceptor.go:49.34,60.3 5 0
skillForce/internal/repository/postgres/postgres.go:15.76,17.16 2 0
skillForce/internal/repository/postgres/postgres.go:17.16,19.3 1 0
skillForce/internal/repository/postgres/postgres.go:21.2,21.34 1 0
skillForce/internal/repository/postgres/postgres.go:21.34,24.3 2 0
skillForce/internal/repository/postgres/postgres.go:26.2,26.65 1 0
skillForce/internal/repository/postgres/postgres.go:30.28,32.2 1 0
skillForce/internal/repository/postgres/user_db.go:17.81,23.16 3 0
skillForce/internal/repository/postgres/user_db.go:23.16,25.3 1 0
skillForce/internal/repository/postgres/user_db.go:27.2,28.16 2 0
skillForce/internal/repository/postgres/user_db.go:28.16,30.3 1 0
skillForce/internal/repository/postgres/user_db.go:32.2,32.25 1 0
skillForce/internal/repository/postgres/user_db.go:35.59,40.2 4 0
skillForce/internal/repository/postgres/user_db.go:42.91,45.16 3 0
skillForce/internal/repository/postgres/user_db.go:45.16,48.3 2 0
skillForce/internal/repository/postgres/user_db.go:49.2,49.19 1 0
skillForce/internal/repository/postgres/user_db.go:52.98,53.83 1 0
skillForce/internal/repository/postgres/user_db.go:53.83,54.58 1 0
skillForce/internal/repository/postgres/user_db.go:54.58,56.4 1 0
skillForce/internal/repository/postgres/user_db.go:57.3,57.39 1 0
skillForce/internal/repository/postgres/user_db.go:60.2,60.16 1 0
skillForce/internal/repository/postgres/user_db.go:60.16,63.3 2 0
skillForce/internal/repository/postgres/user_db.go:65.2,65.79 1 0
skillForce/internal/repository/postgres/user_db.go:65.79,66.48 1 0
skillForce/internal/repository/postgres/user_db.go:66.48,67.38 1 0
skillForce/internal/repository/postgres/user_db.go:67.38,69.5 1 0
skillForce/internal/repository/postgres/user_db.go:70.9,72.4 1 0
skillForce/internal/repository/postgres/user_db.go:74.3,74.21 1 0
skillForce/internal/repository/postgres/user_db.go:77.2,77.41 1 0
skillForce/internal/repository/postgres/user_db.go:80.93,82.16 2 0
skillForce/internal/repository/postgres/user_db.go:82.16,84.3 1 0
skillForce/internal/repository/postgres/user_db.go:85.2,85.17 1 0
skillForce/internal/repository/postgres/user_db.go:85.17,87.3 1 0
skillForce/internal/repository/postgres/user_db.go:88.2,90.16 3 0
skillForce/internal/repository/postgres/user_db.go:90.16,92.3 1 0
skillForce/internal/repository/postgres/user_db.go:94.2,97.16 3 0
skillForce/internal/repository/postgres/user_db.go:97.16,99.3 1 0
skillForce/internal/repository/postgres/user_db.go:100.2,100.18 1 0
skillForce/internal/repository/postgres/user_db.go:100.18,102.17 2 0
skillForce/internal/repository/postgres/user_db.go:102.17,104.4 1 0
skillForce/internal/repository/postgres/user_db.go:107.2,108.16 2 0
skillForce/internal/repository/postgres/user_db.go:108.16,110.3 1 0
skillForce/internal/repository/postgres/user_db.go:112.2,114.25 2 0
skillForce/internal/repository/postgres/user_db.go:117.90,119.16 2 0
skillForce/internal/repository/postgres/user_db.go:119.16,121.3 1 0
skillForce/internal/repository/postgres/user_db.go:122.2,122.17 1 0
skillForce/internal/repository/postgres/user_db.go:122.17,124.3 1 0
skillForce/internal/repository/postgres/user_db.go:126.2,134.16 3 0
skillForce/internal/repository/postgres/user_db.go:134.16,137.3 2 0
skillForce/internal/repository/postgres/user_db.go:139.2,140.25 2 0
skillForce/internal/repository/postgres/user_db.go:143.96,146.16 3 0
skillForce/internal/repository/postgres/user_db.go:146.16,148.3 1 0
skillForce/internal/repository/postgres/user_db.go:150.2,154.19 4 0
skillForce/internal/repository/postgres/user_db.go:157.110,162.16 4 0
skillForce/internal/repository/postgres/user_db.go:162.16,165.3 2 0
skillForce/internal/repository/postgres/user_db.go:166.2,167.21 2 0
skillForce/internal/repository/postgres/user_db.go:167.21,169.3 1 0
skillForce/internal/repository/postgres/user_db.go:170.2,174.26 5 0
skillForce/internal/repository/postgres/user_db.go:177.105,180.16 3 0
skillForce/internal/repository/postgres/user_db.go:180.16,182.3 1 0
skillForce/internal/repository/postgres/user_db.go:183.2,183.18 1 0
skillForce/internal/repository/postgres/user_db.go:183.18,185.3 1 0
skillForce/internal/repository/postgres/user_db.go:186.2,189.17 4 0
skillForce/internal/repository/postgres/user_db.go:189.17,191.3 1 0
skillForce/internal/repository/postgres/user_db.go:192.2,193.16 2 0
skillForce/internal/repository/postgres/user_db.go:193.16,195.3 1 0
skillForce/internal/repository/postgres/user_db.go:197.2,197.62 1 0
skillForce/internal/repository/postgres/user_db.go:197.62,199.3 1 0
skillForce/internal/repository/postgres/user_db.go:201.2,204.16 3 0
skillForce/internal/repository/postgres/user_db.go:204.16,206.3 1 0
skillForce/internal/repository/postgres/user_db.go:208.2,209.25 2 0
skillForce/internal/repository/postgres/user_db.go:212.70,214.16 2 0
skillForce/internal/repository/postgres/user_db.go:214.16,216.3 1 0
skillForce/internal/repository/postgres/user_db.go:217.2,218.12 2 0
skillForce/internal/repository/postgres/user_db.go:221.110,225.16 3 0
skillForce/internal/repository/postgres/user_db.go:225.16,227.3 1 0
skillForce/internal/repository/postgres/user_db.go:228.2,229.12 2 0
skillForce/internal/repository/postgres/user_db.go:232.105,234.16 2 0
skillForce/internal/repository/postgres/user_db.go:234.16,236.3 1 0
skillForce/internal/repository/postgres/user_db.go:238.2,240.22 2 0
skillForce/internal/repository/postgres/user_db.go:243.78,246.16 3 0
skillForce/internal/repository/postgres/user_db.go:246.16,249.3 2 0
skillForce/internal/repository/postgres/user_db.go:251.2,253.12 2 0
skillForce/pkg/sanitize/sanitize.go:9.36,20.2 10 0
skillForce/pkg/hash/hash.go:15.56,19.2 3 0
skillForce/pkg/hash/hash.go:22.57,25.16 3 0
skillForce/pkg/hash/hash.go:25.16,28.3 2 0
skillForce/pkg/hash/hash.go:30.2,35.12 4 0
skillForce/pkg/hash/hash.go:39.83,42.2 2 0
skillForce/internal/repository/user_infra.go:21.69,23.16 2 0
skillForce/internal/repository/user_infra.go:23.16,25.3 1 0
skillForce/internal/repository/user_infra.go:27.2,29.16 3 0
skillForce/internal/repository/user_infra.go:29.16,31.3 1 0
skillForce/internal/repository/user_infra.go:33.2,38.3 2 0
skillForce/internal/repository/user_infra.go:41.38,44.2 2 0
skillForce/internal/repository/user_infra.go:46.103,48.2 1 0
skillForce/internal/repository/user_infra.go:50.108,52.2 1 0
skillForce/internal/repository/user_infra.go:54.120,56.2 1 0
skillForce/internal/repository/user_infra.go:58.80,60.2 1 0
skillForce/internal/repository/user_infra.go:62.120,64.2 1 0
skillForce/internal/repository/user_infra.go:66.133,68.2 1 0
skillForce/internal/repository/user_infra.go:70.116,72.2 1 0
skillForce/internal/repository/user_infra.go:74.88,76.2 1 0
skillForce/internal/repository/user_infra.go:78.100,80.2 1 0
skillForce/internal/repository/user_infra.go:82.106,84.2 1 0
skillForce/internal/repository/user_infra.go:86.106,88.2 1 0
skillForce/internal/repository/user_infra.go:90.96,92.2 1 0
skillForce/internal/repository/minio/minio.go:19.144,22.2 2 0
skillForce/internal/repository/minio/minio.go:24.128,28.31 3 0
skillForce/internal/repository/minio/minio.go:28.31,30.3 1 0
skillForce/internal/repository/minio/minio.go:31.2,41.16 4 0
skillForce/internal/repository/minio/minio.go:41.16,43.3 1 0
skillForce/internal/repository/minio/minio.go:45.2,46.21 2 0
skillForce/pkg/metrics/metrics.go:11.24,16.12 2 0
skillForce/pkg/metrics/metrics.go:16.12,18.56 2 0
skillForce/pkg/metrics/metrics.go:18.56,19.59 1 0
skillForce/internal/repository/kafka/kafka.go:28.35,32.16 2 0
skillForce/internal/repository/kafka/kafka.go:32.16,34.3 1 0
skillForce/internal/repository/kafka/kafka.go:36.2,36.53 1 0
skillForce/internal/repository/kafka/kafka.go:39.28,41.2 1 0
skillForce/internal/repository/kafka/kafka.go:43.96,52.16 3 0
skillForce/internal/repository/kafka/kafka.go:52.16,54.3 1 0
skillForce/internal/repository/kafka/kafka.go:56.2,61.16 2 0
skillForce/internal/repository/kafka/kafka.go:61.16,63.3 1 0
skillForce/internal/repository/kafka/kafka.go:66.2,67.24 2 0
skillForce/internal/repository/kafka/kafka.go:68.22,69.37 1 0
skillForce/internal/repository/kafka/kafka.go:69.37,71.4 1 0
skillForce/internal/repository/kafka/kafka.go:71.9,73.4 1 0
skillForce/internal/repository/kafka/kafka.go:75.2,75.12 1 0
skillForce/internal/repository/kafka/kafka.go:78.86,86.16 3 0
skillForce/internal/repository/kafka/kafka.go:86.16,88.3 1 0
skillForce/internal/repository/kafka/kafka.go:90.2,95.16 2 0
skillForce/internal/repository/kafka/kafka.go:95.16,97.3 1 0
skillForce/internal/repository/kafka/kafka.go:100.2,101.24 2 0
skillForce/internal/repository/kafka/kafka.go:102.22,103.37 1 0
skillForce/internal/repository/kafka/kafka.go:103.37,105.4 1 0
skillForce/internal/repository/kafka/kafka.go:105.9,107.4 1 0
skillForce/internal/repository/kafka/kafka.go:109.2,109.12 1 0
skillForce/app/main.go:22.13,33.16 7 0
skillForce/app/main.go:33.16,35.3 1 0
skillForce/app/main.go:37.2,51.46 6 0
skillForce/app/main.go:51.46,53.3 1 0
skillForce/config/config.go:56.27,58.16 2 0
skillForce/config/config.go:58.16,60.3 1 0
skillForce/config/config.go:62.2,63.16 2 0
skillForce/config/config.go:63.16,65.3 1 0
skillForce/config/config.go:67.2,69.16 3 0
skillForce/config/config.go:69.16,71.3 1 0
skillForce/config/config.go:73.2,116.3 1 0
skillForce/internal/delivery/grpc/handler/handler.go:31.59,33.2 1 1
skillForce/internal/delivery/grpc/handler/handler.go:36.120,38.16 2 1
skillForce/internal/delivery/grpc/handler/handler.go:38.16,40.3 1 0
skillForce/internal/delivery/grpc/handler/handler.go:41.2,41.60 1 1
skillForce/internal/delivery/grpc/handler/handler.go:45.96,52.16 3 1
skillForce/internal/delivery/grpc/handler/handler.go:52.16,54.3 1 0
skillForce/internal/delivery/grpc/handler/handler.go:55.2,55.30 1 1
skillForce/internal/delivery/grpc/handler/handler.go:59.117,66.16 3 1
skillForce/internal/delivery/grpc/handler/handler.go:66.16,68.3 1 0
skillForce/internal/delivery/grpc/handler/handler.go:69.2,69.64 1 1
skillForce/internal/delivery/grpc/handler/handler.go:73.116,82.16 3 0
skillForce/internal/delivery/grpc/handler/handler.go:82.16,84.3 1 0
skillForce/internal/delivery/grpc/handler/handler.go:85.2,85.30 1 0
skillForce/internal/delivery/grpc/handler/handler.go:89.122,91.16 2 0
skillForce/internal/delivery/grpc/handler/handler.go:91.16,93.3 1 0
skillForce/internal/delivery/grpc/handler/handler.go:94.2,95.16 2 0
skillForce/internal/delivery/grpc/handler/handler.go:95.16,97.3 1 0
skillForce/internal/delivery/grpc/handler/handler.go:98.2,98.50 1 0
skillForce/internal/delivery/grpc/handler/handler.go:102.140,104.16 2 0
skillForce/internal/delivery/grpc/handler/handler.go:104.16,106.3 1 0
skillForce/internal/delivery/grpc/handler/handler.go:107.2,107.68 1 0
skillForce/internal/delivery/grpc/handler/handler.go:111.126,113.16 2 0
skillForce/internal/delivery/grpc/handler/handler.go:113.16,115.3 1 0
skillForce/internal/delivery/grpc/handler/handler.go:116.2,116.30 1 0
skillForce/internal/delivery/grpc/handler/handler.go:119.119,130.16 7 1
skillForce/internal/delivery/grpc/handler/handler.go:130.16,132.3 1 0
skillForce/internal/delivery/grpc/handler/handler.go:133.2,133.68 1 1
skillForce/internal/delivery/grpc/handler/handler.go:133.68,135.3 1 0
skillForce/internal/delivery/grpc/handler/handler.go:136.2,141.16 4 1
skillForce/internal/delivery/grpc/handler/handler.go:141.16,143.3 1 0
skillForce/internal/delivery/grpc/handler/handler.go:145.2,146.21 2 1
skillForce/internal/delivery/grpc/handler/handler.go:146.21,148.3 1 0
skillForce/internal/delivery/grpc/handler/handler.go:149.2,151.16 3 1
skillForce/internal/delivery/grpc/handler/handler.go:151.16,153.3 1 0
skillForce/internal/delivery/grpc/handler/handler.go:155.2,155.19 1 1
skillForce/internal/repository/user_infra.go:21.69,23.16 2 0
skillForce/internal/repository/user_infra.go:23.16,25.3 1 0
skillForce/internal/repository/user_infra.go:27.2,29.16 3 0
skillForce/internal/repository/user_infra.go:29.16,31.3 1 0
skillForce/internal/repository/user_infra.go:33.2,38.3 2 0
skillForce/internal/repository/user_infra.go:41.38,44.2 2 0
skillForce/internal/repository/user_infra.go:46.103,48.2 1 0
skillForce/internal/repository/user_infra.go:50.108,52.2 1 0
skillForce/internal/repository/user_infra.go:54.120,56.2 1 0
skillForce/internal/repository/user_infra.go:58.80,60.2 1 0
skillForce/internal/repository/user_infra.go:62.120,64.2 1 0
skillForce/internal/repository/user_infra.go:66.133,68.2 1 0
skillForce/internal/repository/user_infra.go:70.116,72.2 1 0
skillForce/internal/repository/user_infra.go:74.88,76.2 1 0
skillForce/internal/repository/user_infra.go:78.100,80.2 1 0
skillForce/internal/repository/user_infra.go:82.106,84.2 1 0
skillForce/internal/repository/user_infra.go:86.106,88.2 1 0
skillForce/internal/repository/user_infra.go:90.96,92.2 1 0
skillForce/internal/repository/kafka/kafka.go:28.35,32.16 2 0
skillForce/internal/repository/kafka/kafka.go:32.16,34.3 1 0
skillForce/internal/repository/kafka/kafka.go:36.2,36.53 1 0
skillForce/internal/repository/kafka/kafka.go:39.28,41.2 1 0
skillForce/internal/repository/kafka/kafka.go:43.96,52.16 3 0
skillForce/internal/repository/kafka/kafka.go:52.16,54.3 1 0
skillForce/internal/repository/kafka/kafka.go:56.2,61.16 2 0
skillForce/internal/repository/kafka/kafka.go:61.16,63.3 1 0
skillForce/internal/repository/kafka/kafka.go:66.2,67.24 2 0
skillForce/internal/repository/kafka/kafka.go:68.22,69.37 1 0
skillForce/internal/repository/kafka/kafka.go:69.37,71.4 1 0
skillForce/internal/repository/kafka/kafka.go:71.9,73.4 1 0
skillForce/internal/repository/kafka/kafka.go:75.2,75.12 1 0
skillForce/internal/repository/kafka/kafka.go:78.86,86.16 3 0
skillForce/internal/repository/kafka/kafka.go:86.16,88.3 1 0
skillForce/internal/repository/kafka/kafka.go:90.2,95.16 2 0
skillForce/internal/repository/kafka/kafka.go:95.16,97.3 1 0
skillForce/internal/repository/kafka/kafka.go:100.2,101.24 2 0
skillForce/internal/repository/kafka/kafka.go:102.22,103.37 1 0
skillForce/internal/repository/kafka/kafka.go:103.37,105.4 1 0
skillForce/internal/repository/kafka/kafka.go:105.9,107.4 1 0
skillForce/internal/repository/kafka/kafka.go:109.2,109.12 1 0
skillForce/internal/repository/minio/minio.go:19.144,22.2 2 0
skillForce/internal/repository/minio/minio.go:24.128,28.31 3 0
skillForce/internal/repository/minio/minio.go:28.31,30.3 1 0
skillForce/internal/repository/minio/minio.go:31.2,41.16 4 0
skillForce/internal/repository/minio/minio.go:41.16,43.3 1 0
skillForce/internal/repository/minio/minio.go:45.2,46.21 2 0
skillForce/internal/repository/postgres/postgres.go:15.76,17.16 2 0
skillForce/internal/repository/postgres/postgres.go:17.16,19.3 1 0
skillForce/internal/repository/postgres/postgres.go:21.2,21.34 1 0
skillForce/internal/repository/postgres/postgres.go:21.34,24.3 2 0
skillForce/internal/repository/postgres/postgres.go:26.2,26.65 1 0
skillForce/internal/repository/postgres/postgres.go:30.28,32.2 1 0
skillForce/internal/repository/postgres/user_db.go:17.81,23.16 3 0
skillForce/internal/repository/postgres/user_db.go:23.16,25.3 1 0
skillForce/internal/repository/postgres/user_db.go:27.2,28.16 2 0
skillForce/internal/repository/postgres/user_db.go:28.16,30.3 1 0
skillForce/internal/repository/postgres/user_db.go:32.2,32.25 1 0
skillForce/internal/repository/postgres/user_db.go:35.59,40.2 4 0
skillForce/internal/repository/postgres/user_db.go:42.91,45.16 3 0
skillForce/internal/repository/postgres/user_db.go:45.16,48.3 2 0
skillForce/internal/repository/postgres/user_db.go:49.2,49.19 1 0
skillForce/internal/repository/postgres/user_db.go:52.98,53.83 1 0
skillForce/internal/repository/postgres/user_db.go:53.83,54.58 1 0
skillForce/internal/repository/postgres/user_db.go:54.58,56.4 1 0
skillForce/internal/repository/postgres/user_db.go:57.3,57.39 1 0
skillForce/internal/repository/postgres/user_db.go:60.2,60.16 1 0
skillForce/internal/repository/postgres/user_db.go:60.16,63.3 2 0
skillForce/internal/repository/postgres/user_db.go:65.2,65.79 1 0
skillForce/internal/repository/postgres/user_db.go:65.79,66.48 1 0
skillForce/internal/repository/postgres/user_db.go:66.48,67.38 1 0
skillForce/internal/repository/postgres/user_db.go:67.38,69.5 1 0
skillForce/internal/repository/postgres/user_db.go:70.9,72.4 1 0
skillForce/internal/repository/postgres/user_db.go:74.3,74.21 1 0
skillForce/internal/repository/postgres/user_db.go:77.2,77.41 1 0
skillForce/internal/repository/postgres/user_db.go:80.93,82.16 2 0
skillForce/internal/repository/postgres/user_db.go:82.16,84.3 1 0
skillForce/internal/repository/postgres/user_db.go:85.2,85.17 1 0
skillForce/internal/repository/postgres/user_db.go:85.17,87.3 1 0
skillForce/internal/repository/postgres/user_db.go:88.2,90.16 3 0
skillForce/internal/repository/postgres/user_db.go:90.16,92.3 1 0
skillForce/internal/repository/postgres/user_db.go:94.2,97.16 3 0
skillForce/internal/repository/postgres/user_db.go:97.16,99.3 1 0
skillForce/internal/repository/postgres/user_db.go:100.2,100.18 1 0
skillForce/internal/repository/postgres/user_db.go:100.18,102.17 2 0
skillForce/internal/repository/postgres/user_db.go:102.17,104.4 1 0
skillForce/internal/repository/postgres/user_db.go:107.2,108.16 2 0
skillForce/internal/repository/postgres/user_db.go:108.16,110.3 1 0
skillForce/internal/repository/postgres/user_db.go:112.2,114.25 2 0
skillForce/internal/repository/postgres/user_db.go:117.90,119.16 2 0
skillForce/internal/repository/postgres/user_db.go:119.16,121.3 1 0
skillForce/internal/repository/postgres/user_db.go:122.2,122.17 1 0
skillForce/internal/repository/postgres/user_db.go:122.17,124.3 1 0
skillForce/internal/repository/postgres/user_db.go:126.2,134.16 3 0
skillForce/internal/repository/postgres/user_db.go:134.16,137.3 2 0
skillForce/internal/repository/postgres/user_db.go:139.2,140.25 2 0
skillForce/internal/repository/postgres/user_db.go:143.96,146.16 3 0
skillForce/internal/repository/postgres/user_db.go:146.16,148.3 1 0
skillForce/internal/repository/postgres/user_db.go:150.2,154.19 4 0
skillForce/internal/repository/postgres/user_db.go:157.110,162.16 4 0
skillForce/internal/repository/postgres/user_db.go:162.16,165.3 2 0
skillForce/internal/repository/postgres/user_db.go:166.2,167.21 2 0
skillForce/internal/repository/postgres/user_db.go:167.21,169.3 1 0
skillForce/internal/repository/postgres/user_db.go:170.2,174.26 5 0
skillForce/internal/repository/postgres/user_db.go:177.105,180.16 3 0
skillForce/internal/repository/postgres/user_db.go:180.16,182.3 1 0
skillForce/internal/repository/postgres/user_db.go:183.2,183.18 1 0
skillForce/internal/repository/postgres/user_db.go:183.18,185.3 1 0
skillForce/internal/repository/postgres/user_db.go:186.2,189.17 4 0
skillForce/internal/repository/postgres/user_db.go:189.17,191.3 1 0
skillForce/internal/repository/postgres/user_db.go:192.2,193.16 2 0
skillForce/internal/repository/postgres/user_db.go:193.16,195.3 1 0
skillForce/internal/repository/postgres/user_db.go:197.2,197.62 1 0
skillForce/internal/repository/postgres/user_db.go:197.62,199.3 1 0
skillForce/internal/repository/postgres/user_db.go:201.2,204.16 3 0
skillForce/internal/repository/postgres/user_db.go:204.16,206.3 1 0
skillForce/internal/repository/postgres/user_db.go:208.2,209.25 2 0
skillForce/internal/repository/postgres/user_db.go:212.70,214.16 2 0
skillForce/internal/repository/postgres/user_db.go:214.16,216.3 1 0
skillForce/internal/repository/postgres/user_db.go:217.2,218.12 2 0
skillForce/internal/repository/postgres/user_db.go:221.110,225.16 3 0
skillForce/internal/repository/postgres/user_db.go:225.16,227.3 1 0
skillForce/internal/repository/postgres/user_db.go:228.2,229.12 2 0
skillForce/internal/repository/postgres/user_db.go:232.105,234.16 2 0
skillForce/internal/repository/postgres/user_db.go:234.16,236.3 1 0
skillForce/internal/repository/postgres/user_db.go:238.2,240.22 2 0
skillForce/internal/repository/postgres/user_db.go:243.78,246.16 3 0
skillForce/internal/repository/postgres/user_db.go:246.16,249.3 2 0
skillForce/internal/repository/postgres/user_db.go:251.2,253.12 2 0
skillForce/internal/usecase/mock_repository.go:28.73,32.2 3 0
skillForce/internal/usecase/mock_repository.go:35.71,37.2 1 0
skillForce/internal/usecase/mock_repository.go:40.108,46.2 5 0
skillForce/internal/usecase/mock_repository.go:49.107,52.2 2 0
skillForce/internal/usecase/mock_repository.go:55.88,60.2 4 0
skillForce/internal/usecase/mock_repository.go:63.100,66.2 2 0
skillForce/internal/usecase/mock_repository.go:69.114,75.2 5 0
skillForce/internal/usecase/mock_repository.go:78.102,81.2 2 0
skillForce/internal/usecase/mock_repository.go:84.100,90.2 5 0
skillForce/internal/usecase/mock_repository.go:93.95,96.2 2 0
skillForce/internal/usecase/mock_repository.go:99.80,104.2 4 0
skillForce/internal/usecase/mock_repository.go:107.92,110.2 2 0
skillForce/internal/usecase/mock_repository.go:113.97,119.2 5 0
skillForce/internal/usecase/mock_repository.go:122.92,125.2 2 0
skillForce/internal/usecase/mock_repository.go:128.100,133.2 4 0
skillForce/internal/usecase/mock_repository.go:136.98,139.2 2 0
skillForce/internal/usecase/mock_repository.go:142.90,147.2 4 0
skillForce/internal/usecase/mock_repository.go:150.95,153.2 2 0
skillForce/internal/usecase/mock_repository.go:156.114,161.2 4 0
skillForce/internal/usecase/mock_repository.go:164.108,167.2 2 0
skillForce/internal/usecase/mock_repository.go:170.110,176.2 5 0
skillForce/internal/usecase/mock_repository.go:179.105,182.2 2 0
skillForce/internal/usecase/mock_repository.go:185.133,191.2 5 0
skillForce/internal/usecase/mock_repository.go:194.102,197.2 2 0
skillForce/internal/usecase/mock_repository.go:200.94,206.2 5 0
skillForce/internal/usecase/mock_repository.go:209.89,212.2 2 0
skillForce/internal/usecase/user_usecase.go:16.55,20.2 1 0
skillForce/internal/usecase/user_usecase.go:22.84,24.16 2 0
skillForce/internal/usecase/user_usecase.go:24.16,27.3 2 0
skillForce/internal/usecase/user_usecase.go:29.2,30.12 2 0
skillForce/internal/usecase/user_usecase.go:33.88,35.16 2 0
skillForce/internal/usecase/user_usecase.go:35.16,37.3 1 0
skillForce/internal/usecase/user_usecase.go:39.2,40.16 2 0
skillForce/internal/usecase/user_usecase.go:40.16,42.3 1 0
skillForce/internal/usecase/user_usecase.go:44.2,46.40 2 0
skillForce/internal/usecase/user_usecase.go:49.101,51.2 1 0
skillForce/internal/usecase/user_usecase.go:53.114,55.2 1 0
skillForce/internal/usecase/user_usecase.go:57.74,59.2 1 0
skillForce/internal/usecase/user_usecase.go:61.114,63.2 1 0
skillForce/internal/usecase/user_usecase.go:65.127,67.2 1 0
skillForce/internal/usecase/user_usecase.go:69.102,71.2 1 0
skillForce/internal/usecase/user_usecase.go:73.82,75.2 1 0
skillForce/pkg/hash/hash.go:15.56,19.2 3 0
skillForce/pkg/hash/hash.go:22.57,25.16 3 0
skillForce/pkg/hash/hash.go:25.16,28.3 2 0
skillForce/pkg/hash/hash.go:30.2,35.12 4 0
skillForce/pkg/hash/hash.go:39.83,42.2 2 0
skillForce/pkg/logs/log.go:10.69,24.2 8 0
skillForce/pkg/logs/log_interceptor.go:26.68,28.9 2 0
skillForce/pkg/logs/log_interceptor.go:28.9,30.3 1 0
skillForce/pkg/logs/log_interceptor.go:32.2,37.32 5 0
skillForce/pkg/logs/log_interceptor.go:37.32,39.3 1 0
skillForce/pkg/logs/log_interceptor.go:40.2,40.27 1 0
skillForce/pkg/logs/log_interceptor.go:43.58,49.34 1 0
skillForce/pkg/logs/log_interceptor.go:49.34,60.3 5 0
skillForce/pkg/metrics/metrics.go:11.24,16.12 2 0
skillForce/pkg/metrics/metrics.go:16.12,18.56 2 0
skillForce/pkg/metrics/metrics.go:18.56,19.59 1 0
skillForce/pkg/sanitize/sanitize.go:9.36,20.2 10 0
skillForce/app/main.go:22.13,33.16 7 0
skillForce/app/main.go:33.16,35.3 1 0
skillForce/app/main.go:37.2,51.46 6 0
skillForce/app/main.go:51.46,53.3 1 0
skillForce/config/config.go:56.27,58.16 2 0
skillForce/config/config.go:58.16,60.3 1 0
skillForce/config/config.go:62.2,63.16 2 0
skillForce/config/config.go:63.16,65.3 1 0
skillForce/config/config.go:67.2,69.16 3 0
skillForce/config/config.go:69.16,71.3 1 0
skillForce/config/config.go:73.2,116.3 1 0
skillForce/internal/delivery/grpc/handler/handler.go:31.59,33.2 1 0
skillForce/internal/delivery/grpc/handler/handler.go:36.120,38.16 2 0
skillForce/internal/delivery/grpc/handler/handler.go:38.16,40.3 1 0
skillForce/internal/delivery/grpc/handler/handler.go:41.2,41.60 1 0
skillForce/internal/delivery/grpc/handler/handler.go:45.96,52.16 3 0
skillForce/internal/delivery/grpc/handler/handler.go:52.16,54.3 1 0
skillForce/internal/delivery/grpc/handler/handler.go:55.2,55.30 1 0
skillForce/internal/delivery/grpc/handler/handler.go:59.117,66.16 3 0
skillForce/internal/delivery/grpc/handler/handler.go:66.16,68.3 1 0
skillForce/internal/delivery/grpc/handler/handler.go:69.2,69.64 1 0
skillForce/internal/delivery/grpc/handler/handler.go:73.116,82.16 3 0
skillForce/internal/delivery/grpc/handler/handler.go:82.16,84.3 1 0
skillForce/internal/delivery/grpc/handler/handler.go:85.2,85.30 1 0
skillForce/internal/delivery/grpc/handler/handler.go:89.122,91.16 2 0
skillForce/internal/delivery/grpc/handler/handler.go:91.16,93.3 1 0
skillForce/internal/delivery/grpc/handler/handler.go:94.2,95.16 2 0
skillForce/internal/delivery/grpc/handler/handler.go:95.16,97.3 1 0
skillForce/internal/delivery/grpc/handler/handler.go:98.2,98.50 1 0
skillForce/internal/delivery/grpc/handler/handler.go:102.140,104.16 2 0
skillForce/internal/delivery/grpc/handler/handler.go:104.16,106.3 1 0
skillForce/internal/delivery/grpc/handler/handler.go:107.2,107.68 1 0
skillForce/internal/delivery/grpc/handler/handler.go:111.126,113.16 2 0
skillForce/internal/delivery/grpc/handler/handler.go:113.16,115.3 1 0
skillForce/internal/delivery/grpc/handler/handler.go:116.2,116.30 1 0
skillForce/internal/delivery/grpc/handler/handler.go:119.119,130.16 7 0
skillForce/internal/delivery/grpc/handler/handler.go:130.16,132.3 1 0
skillForce/internal/delivery/grpc/handler/handler.go:133.2,133.68 1 0
skillForce/internal/delivery/grpc/handler/handler.go:133.68,135.3 1 0
skillForce/internal/delivery/grpc/handler/handler.go:136.2,141.16 4 0
skillForce/internal/delivery/grpc/handler/handler.go:141.16,143.3 1 0
skillForce/internal/delivery/grpc/handler/handler.go:145.2,146.21 2 0
skillForce/internal/delivery/grpc/handler/handler.go:146.21,148.3 1 0
skillForce/internal/delivery/grpc/handler/handler.go:149.2,151.16 3 0
skillForce/internal/delivery/grpc/handler/handler.go:151.16,153.3 1 0
skillForce/internal/delivery/grpc/handler/handler.go:155.2,155.19 1 0
skillForce/internal/repository/user_infra.go:21.69,23.16 2 0
skillForce/internal/repository/user_infra.go:23.16,25.3 1 0
skillForce/internal/repository/user_infra.go:27.2,29.16 3 0
skillForce/internal/repository/user_infra.go:29.16,31.3 1 0
skillForce/internal/repository/user_infra.go:33.2,38.3 2 0
skillForce/internal/repository/user_infra.go:41.38,44.2 2 0
skillForce/internal/repository/user_infra.go:46.103,48.2 1 0
skillForce/internal/repository/user_infra.go:50.108,52.2 1 0
skillForce/internal/repository/user_infra.go:54.120,56.2 1 0
skillForce/internal/repository/user_infra.go:58.80,60.2 1 0
skillForce/internal/repository/user_infra.go:62.120,64.2 1 0
skillForce/internal/repository/user_infra.go:66.133,68.2 1 0
skillForce/internal/repository/user_infra.go:70.116,72.2 1 0
skillForce/internal/repository/user_infra.go:74.88,76.2 1 0
skillForce/internal/repository/user_infra.go:78.100,80.2 1 0
skillForce/internal/repository/user_infra.go:82.106,84.2 1 0
skillForce/internal/repository/user_infra.go:86.106,88.2 1 0
skillForce/internal/repository/user_infra.go:90.96,92.2 1 0
skillForce/internal/repository/kafka/kafka.go:28.35,32.16 2 0
skillForce/internal/repository/kafka/kafka.go:32.16,34.3 1 0
skillForce/internal/repository/kafka/kafka.go:36.2,36.53 1 0
skillForce/internal/repository/kafka/kafka.go:39.28,41.2 1 0
skillForce/internal/repository/kafka/kafka.go:43.96,52.16 3 0
skillForce/internal/repository/kafka/kafka.go:52.16,54.3 1 0
skillForce/internal/repository/kafka/kafka.go:56.2,61.16 2 0
skillForce/internal/repository/kafka/kafka.go:61.16,63.3 1 0
skillForce/internal/repository/kafka/kafka.go:66.2,67.24 2 0
skillForce/internal/repository/kafka/kafka.go:68.22,69.37 1 0
skillForce/internal/repository/kafka/kafka.go:69.37,71.4 1 0
skillForce/internal/repository/kafka/kafka.go:71.9,73.4 1 0
skillForce/internal/repository/kafka/kafka.go:75.2,75.12 1 0
skillForce/internal/repository/kafka/kafka.go:78.86,86.16 3 0
skillForce/internal/repository/kafka/kafka.go:86.16,88.3 1 0
skillForce/internal/repository/kafka/kafka.go:90.2,95.16 2 0
skillForce/internal/repository/kafka/kafka.go:95.16,97.3 1 0
skillForce/internal/repository/kafka/kafka.go:100.2,101.24 2 0
skillForce/internal/repository/kafka/kafka.go:102.22,103.37 1 0
skillForce/internal/repository/kafka/kafka.go:103.37,105.4 1 0
skillForce/internal/repository/kafka/kafka.go:105.9,107.4 1 0
skillForce/internal/repository/kafka/kafka.go:109.2,109.12 1 0
skillForce/internal/repository/minio/minio.go:19.144,22.2 2 0
skillForce/internal/repository/minio/minio.go:24.128,28.31 3 0
skillForce/internal/repository/minio/minio.go:28.31,30.3 1 0
skillForce/internal/repository/minio/minio.go:31.2,41.16 4 0
skillForce/internal/repository/minio/minio.go:41.16,43.3 1 0
skillForce/internal/repository/minio/minio.go:45.2,46.21 2 0
skillForce/internal/repository/postgres/postgres.go:15.76,17.16 2 0
skillForce/internal/repository/postgres/postgres.go:17.16,19.3 1 0
skillForce/internal/repository/postgres/postgres.go:21.2,21.34 1 0
skillForce/internal/repository/postgres/postgres.go:21.34,24.3 2 0
skillForce/internal/repository/postgres/postgres.go:26.2,26.65 1 0
skillForce/internal/repository/postgres/postgres.go:30.28,32.2 1 0
skillForce/internal/repository/postgres/user_db.go:17.81,23.16 3 0
skillForce/internal/repository/postgres/user_db.go:23.16,25.3 1 0
skillForce/internal/repository/postgres/user_db.go:27.2,28.16 2 0
skillForce/internal/repository/postgres/user_db.go:28.16,30.3 1 0
skillForce/internal/repository/postgres/user_db.go:32.2,32.25 1 0
skillForce/internal/repository/postgres/user_db.go:35.59,40.2 4 0
skillForce/internal/repository/postgres/user_db.go:42.91,45.16 3 0
skillForce/internal/repository/postgres/user_db.go:45.16,48.3 2 0
skillForce/internal/repository/postgres/user_db.go:49.2,49.19 1 0
skillForce/internal/repository/postgres/user_db.go:52.98,53.83 1 0
skillForce/internal/repository/postgres/user_db.go:53.83,54.58 1 0
skillForce/internal/repository/postgres/user_db.go:54.58,56.4 1 0
skillForce/internal/repository/postgres/user_db.go:57.3,57.39 1 0
skillForce/internal/repository/postgres/user_db.go:60.2,60.16 1 0
skillForce/internal/repository/postgres/user_db.go:60.16,63.3 2 0
skillForce/internal/repository/postgres/user_db.go:65.2,65.79 1 0
skillForce/internal/repository/postgres/user_db.go:65.79,66.48 1 0
skillForce/internal/repository/postgres/user_db.go:66.48,67.38 1 0
skillForce/internal/repository/postgres/user_db.go:67.38,69.5 1 0
skillForce/internal/repository/postgres/user_db.go:70.9,72.4 1 0
skillForce/internal/repository/postgres/user_db.go:74.3,74.21 1 0
skillForce/internal/repository/postgres/user_db.go:77.2,77.41 1 0
skillForce/internal/repository/postgres/user_db.go:80.93,82.16 2 0
skillForce/internal/repository/postgres/user_db.go:82.16,84.3 1 0
skillForce/internal/repository/postgres/user_db.go:85.2,85.17 1 0
skillForce/internal/repository/postgres/user_db.go:85.17,87.3 1 0
skillForce/internal/repository/postgres/user_db.go:88.2,90.16 3 0
skillForce/internal/repository/postgres/user_db.go:90.16,92.3 1 0
skillForce/internal/repository/postgres/user_db.go:94.2,97.16 3 0
skillForce/internal/repository/postgres/user_db.go:97.16,99.3 1 0
skillForce/internal/repository/postgres/user_db.go:100.2,100.18 1 0
skillForce/internal/repository/postgres/user_db.go:100.18,102.17 2 0
skillForce/internal/repository/postgres/user_db.go:102.17,104.4 1 0
skillForce/internal/repository/postgres/user_db.go:107.2,108.16 2 0
skillForce/internal/repository/postgres/user_db.go:108.16,110.3 1 0
skillForce/internal/repository/postgres/user_db.go:112.2,114.25 2 0
skillForce/internal/repository/postgres/user_db.go:117.90,119.16 2 0
skillForce/internal/repository/postgres/user_db.go:119.16,121.3 1 0
skillForce/internal/repository/postgres/user_db.go:122.2,122.17 1 0
skillForce/internal/repository/postgres/user_db.go:122.17,124.3 1 0
skillForce/internal/repository/postgres/user_db.go:126.2,134.16 3 0
skillForce/internal/repository/postgres/user_db.go:134.16,137.3 2 0
skillForce/internal/repository/postgres/user_db.go:139.2,140.25 2 0
skillForce/internal/repository/postgres/user_db.go:143.96,146.16 3 0
skillForce/internal/repository/postgres/user_db.go:146.16,148.3 1 0
skillForce/internal/repository/postgres/user_db.go:150.2,154.19 4 0
skillForce/internal/repository/postgres/user_db.go:157.110,162.16 4 0
skillForce/internal/repository/postgres/user_db.go:162.16,165.3 2 0
skillForce/internal/repository/postgres/user_db.go:166.2,167.21 2 0
skillForce/internal/repository/postgres/user_db.go:167.21,169.3 1 0
skillForce/internal/repository/postgres/user_db.go:170.2,174.26 5 0
skillForce/internal/repository/postgres/user_db.go:177.105,180.16 3 0
skillForce/internal/repository/postgres/user_db.go:180.16,182.3 1 0
skillForce/internal/repository/postgres/user_db.go:183.2,183.18 1 0
skillForce/internal/repository/postgres/user_db.go:183.18,185.3 1 0
skillForce/internal/repository/postgres/user_db.go:186.2,189.17 4 0
skillForce/internal/repository/postgres/user_db.go:189.17,191.3 1 0
skillForce/internal/repository/postgres/user_db.go:192.2,193.16 2 0
skillForce/internal/repository/postgres/user_db.go:193.16,195.3 1 0
skillForce/internal/repository/postgres/user_db.go:197.2,197.62 1 0
skillForce/internal/repository/postgres/user_db.go:197.62,199.3 1 0
skillForce/internal/repository/postgres/user_db.go:201.2,204.16 3 0
skillForce/internal/repository/postgres/user_db.go:204.16,206.3 1 0
skillForce/internal/repository/postgres/user_db.go:208.2,209.25 2 0
skillForce/internal/repository/postgres/user_db.go:212.70,214.16 2 0
skillForce/internal/repository/postgres/user_db.go:214.16,216.3 1 0
skillForce/internal/repository/postgres/user_db.go:217.2,218.12 2 0
skillForce/internal/repository/postgres/user_db.go:221.110,225.16 3 0
skillForce/internal/repository/postgres/user_db.go:225.16,227.3 1 0
skillForce/internal/repository/postgres/user_db.go:228.2,229.12 2 0
skillForce/internal/repository/postgres/user_db.go:232.105,234.16 2 0
skillForce/internal/repository/postgres/user_db.go:234.16,236.3 1 0
skillForce/internal/repository/postgres/user_db.go:238.2,240.22 2 0
skillForce/internal/repository/postgres/user_db.go:243.78,246.16 3 0
skillForce/internal/repository/postgres/user_db.go:246.16,249.3 2 0
skillForce/internal/repository/postgres/user_db.go:251.2,253.12 2 0
skillForce/internal/usecase/mock_repository.go:28.73,32.2 3 1
skillForce/internal/usecase/mock_repository.go:35.71,37.2 1 1
skillForce/internal/usecase/mock_repository.go:40.108,46.2 5 1
skillForce/internal/usecase/mock_repository.go:49.107,52.2 2 1
skillForce/internal/usecase/mock_repository.go:55.88,60.2 4 1
skillForce/internal/usecase/mock_repository.go:63.100,66.2 2 1
skillForce/internal/usecase/mock_repository.go:69.114,75.2 5 1
skillForce/internal/usecase/mock_repository.go:78.102,81.2 2 1
skillForce/internal/usecase/mock_repository.go:84.100,90.2 5 1
skillForce/internal/usecase/mock_repository.go:93.95,96.2 2 1
skillForce/internal/usecase/mock_repository.go:99.80,104.2 4 1
skillForce/internal/usecase/mock_repository.go:107.92,110.2 2 1
skillForce/internal/usecase/mock_repository.go:113.97,119.2 5 1
skillForce/internal/usecase/mock_repository.go:122.92,125.2 2 1
skillForce/internal/usecase/mock_repository.go:128.100,133.2 4 1
skillForce/internal/usecase/mock_repository.go:136.98,139.2 2 1
skillForce/internal/usecase/mock_repository.go:142.90,147.2 4 1
skillForce/internal/usecase/mock_repository.go:150.95,153.2 2 1
skillForce/internal/usecase/mock_repository.go:156.114,161.2 4 1
skillForce/internal/usecase/mock_repository.go:164.108,167.2 2 1
skillForce/internal/usecase/mock_repository.go:170.110,176.2 5 1
skillForce/internal/usecase/mock_repository.go:179.105,182.2 2 1
skillForce/internal/usecase/mock_repository.go:185.133,191.2 5 1
skillForce/internal/usecase/mock_repository.go:194.102,197.2 2 1
skillForce/internal/usecase/mock_repository.go:200.94,206.2 5 1
skillForce/internal/usecase/mock_repository.go:209.89,212.2 2 1
skillForce/internal/usecase/user_usecase.go:16.55,20.2 1 1
skillForce/internal/usecase/user_usecase.go:22.84,24.16 2 1
skillForce/internal/usecase/user_usecase.go:24.16,27.3 2 1
skillForce/internal/usecase/user_usecase.go:29.2,30.12 2 1
skillForce/internal/usecase/user_usecase.go:33.88,35.16 2 1
skillForce/internal/usecase/user_usecase.go:35.16,37.3 1 0
skillForce/internal/usecase/user_usecase.go:39.2,40.16 2 1
skillForce/internal/usecase/user_usecase.go:40.16,42.3 1 0
skillForce/internal/usecase/user_usecase.go:44.2,46.40 2 1
skillForce/internal/usecase/user_usecase.go:49.101,51.2 1 1
skillForce/internal/usecase/user_usecase.go:53.114,55.2 1 1
skillForce/internal/usecase/user_usecase.go:57.74,59.2 1 1
skillForce/internal/usecase/user_usecase.go:61.114,63.2 1 1
skillForce/internal/usecase/user_usecase.go:65.127,67.2 1 1
skillForce/internal/usecase/user_usecase.go:69.102,71.2 1 1
skillForce/internal/usecase/user_usecase.go:73.82,75.2 1 1
skillForce/pkg/hash/hash.go:15.56,19.2 3 1
skillForce/pkg/hash/hash.go:22.57,25.16 3 1
skillForce/pkg/hash/hash.go:25.16,28.3 2 0
skillForce/pkg/hash/hash.go:30.2,35.12 4 1
skillForce/pkg/hash/hash.go:39.83,42.2 2 0
skillForce/pkg/logs/log.go:10.69,24.2 8 1
skillForce/pkg/logs/log_interceptor.go:26.68,28.9 2 0
skillForce/pkg/logs/log_interceptor.go:28.9,30.3 1 0
skillForce/pkg/logs/log_interceptor.go:32.2,37.32 5 0
skillForce/pkg/logs/log_interceptor.go:37.32,39.3 1 0
skillForce/pkg/logs/log_interceptor.go:40.2,40.27 1 0
skillForce/pkg/logs/log_interceptor.go:43.58,49.34 1 0
skillForce/pkg/logs/log_interceptor.go:49.34,60.3 5 0
skillForce/pkg/metrics/metrics.go:11.24,16.12 2 0
skillForce/pkg/metrics/metrics.go:16.12,18.56 2 0
skillForce/pkg/metrics/metrics.go:18.56,19.59 1 0
skillForce/pkg/sanitize/sanitize.go:9.36,20.2 10 0
